<?xml version="1.0" encoding="UTF-8"?>
<TestRun id="ffbb2dad-ad68-4ba2-9dc3-d2c37d5f6a44" name="Mike@MIKE-PC 2018-05-07 14:42:31" runUser="Mike-PC\Mike" xmlns="http://microsoft.com/schemas/VisualStudio/TeamTest/2010">
  <TestSettings name="Default Test Settings" id="dc8c4117-87b1-40b2-a0ba-c977ba468194">
    <Execution>
      <TestTypeSpecific />
      <AgentRule name="Execution Agents">
      </AgentRule>
    </Execution>
    <Deployment runDeploymentRoot="Mike_MIKE-PC 2018-05-07 14_42_31" />
    <Properties />
  </TestSettings>
  <Times creation="2018-05-07T14:42:31.4919643+08:00" queuing="2018-05-07T14:42:33.7225761+08:00" start="2018-05-07T14:42:33.9240382+08:00" finish="2018-05-07T14:42:34.9977257+08:00" />
  <ResultSummary outcome="Failed">
    <Counters total="3" executed="3" passed="2" error="0" failed="1" timeout="0" aborted="0" inconclusive="0" passedButRunAborted="0" notRunnable="0" notExecuted="0" disconnected="0" warning="0" completed="0" inProgress="0" pending="0" />
  </ResultSummary>
  <TestDefinitions>
    <UnitTest name="TestCase2" storage="test\bin\debug\test.dll" id="f09375e8-b919-7702-5af4-fca161904ddf">
      <Execution id="d8df90a4-4223-4b61-a226-e4b13a7a8ec9" />
      <TestMethod codeBase="C:/Users/Mike/Documents/Visual Studio 2015/Projects/SimpleMath/test/bin/debug/Test.DLL" adapterTypeName="Microsoft.VisualStudio.TestTools.TestTypes.Unit.UnitTestAdapter, Microsoft.VisualStudio.QualityTools.Tips.UnitTest.Adapter, Version=14.0.0.0, Culture=neutral, PublicKeyToken=b03f5f7f11d50a3a" className="Test.Test, Test, Version=1.0.0.0, Culture=neutral, PublicKeyToken=null" name="TestCase2" />
    </UnitTest>
    <UnitTest name="TestCase3" storage="test\bin\debug\test.dll" id="0aad3d46-cabb-88ae-84bd-c54e95e86913">
      <Execution id="d8342991-35da-4ffd-9f1d-5b6b2548269e" />
      <TestMethod codeBase="C:/Users/Mike/Documents/Visual Studio 2015/Projects/SimpleMath/test/bin/debug/Test.DLL" adapterTypeName="Microsoft.VisualStudio.TestTools.TestTypes.Unit.UnitTestAdapter, Microsoft.VisualStudio.QualityTools.Tips.UnitTest.Adapter, Version=14.0.0.0, Culture=neutral, PublicKeyToken=b03f5f7f11d50a3a" className="Test.Test, Test, Version=1.0.0.0, Culture=neutral, PublicKeyToken=null" name="TestCase3" />
    </UnitTest>
    <UnitTest name="TestCase1" storage="test\bin\debug\test.dll" id="3f2e64c7-866d-f0b3-0d17-d2032db9b28a">
      <Execution id="779d715d-6e6d-4eb1-80dd-59c0eeb5d9c6" />
      <TestMethod codeBase="C:/Users/Mike/Documents/Visual Studio 2015/Projects/SimpleMath/test/bin/debug/Test.DLL" adapterTypeName="Microsoft.VisualStudio.TestTools.TestTypes.Unit.UnitTestAdapter, Microsoft.VisualStudio.QualityTools.Tips.UnitTest.Adapter, Version=14.0.0.0, Culture=neutral, PublicKeyToken=b03f5f7f11d50a3a" className="Test.Test, Test, Version=1.0.0.0, Culture=neutral, PublicKeyToken=null" name="TestCase1" />
    </UnitTest>
  </TestDefinitions>
  <TestLists>
    <TestList name="Results Not in a List" id="8c84fa94-04c1-424b-9868-57a2d4851a1d" />
    <TestList name="All Loaded Results" id="19431567-8539-422a-85d7-44ee4e166bda" />
  </TestLists>
  <TestEntries>
    <TestEntry testId="3f2e64c7-866d-f0b3-0d17-d2032db9b28a" executionId="779d715d-6e6d-4eb1-80dd-59c0eeb5d9c6" testListId="8c84fa94-04c1-424b-9868-57a2d4851a1d" />
    <TestEntry testId="f09375e8-b919-7702-5af4-fca161904ddf" executionId="d8df90a4-4223-4b61-a226-e4b13a7a8ec9" testListId="8c84fa94-04c1-424b-9868-57a2d4851a1d" />
    <TestEntry testId="0aad3d46-cabb-88ae-84bd-c54e95e86913" executionId="d8342991-35da-4ffd-9f1d-5b6b2548269e" testListId="8c84fa94-04c1-424b-9868-57a2d4851a1d" />
  </TestEntries>
  <Results>
    <UnitTestResult executionId="779d715d-6e6d-4eb1-80dd-59c0eeb5d9c6" testId="3f2e64c7-866d-f0b3-0d17-d2032db9b28a" testName="TestCase1" computerName="MIKE-PC" duration="00:00:00.0214460" startTime="2018-05-07T14:42:34.1654440+08:00" endTime="2018-05-07T14:42:34.8927017+08:00" testType="13cdc9d9-ddb5-4fa4-a97d-d965ccfc6d4b" outcome="Passed" testListId="8c84fa94-04c1-424b-9868-57a2d4851a1d" relativeResultsDirectory="779d715d-6e6d-4eb1-80dd-59c0eeb5d9c6">
    </UnitTestResult>
    <UnitTestResult executionId="d8df90a4-4223-4b61-a226-e4b13a7a8ec9" testId="f09375e8-b919-7702-5af4-fca161904ddf" testName="TestCase2" computerName="MIKE-PC" duration="00:00:00.0003317" startTime="2018-05-07T14:42:34.8947002+08:00" endTime="2018-05-07T14:42:34.8987000+08:00" testType="13cdc9d9-ddb5-4fa4-a97d-d965ccfc6d4b" outcome="Passed" testListId="8c84fa94-04c1-424b-9868-57a2d4851a1d" relativeResultsDirectory="d8df90a4-4223-4b61-a226-e4b13a7a8ec9">
    </UnitTestResult>
    <UnitTestResult executionId="d8342991-35da-4ffd-9f1d-5b6b2548269e" testId="0aad3d46-cabb-88ae-84bd-c54e95e86913" testName="TestCase3" computerName="MIKE-PC" duration="00:00:00.0321920" startTime="2018-05-07T14:42:34.9007000+08:00" endTime="2018-05-07T14:42:34.9357005+08:00" testType="13cdc9d9-ddb5-4fa4-a97d-d965ccfc6d4b" outcome="Failed" testListId="8c84fa94-04c1-424b-9868-57a2d4851a1d" relativeResultsDirectory="d8342991-35da-4ffd-9f1d-5b6b2548269e">
      <Output>
        <ErrorInfo>
          <Message>Test method Test.Test.TestCase3 threw exception: 
Microsoft.VisualStudio.TestTools.UnitTesting.AssertFailedException: Assert.AreEqual failed. Expected:&lt;2&gt;. Actual:&lt;1&gt;. </Message>
          <StackTrace>   at Test.Test.TestCase3() in C:\Users\Mike\documents\visual studio 2015\Projects\SimpleMath\Test\Test.cs:line 37
</StackTrace>
        </ErrorInfo>
      </Output>
    </UnitTestResult>
  </Results>
</TestRun>